The system is: Linux - 4.19.190 - loongarch64
Compiling the C compiler identification source file "CMakeCCompilerId.c" succeeded.
Compiler: /usr/bin/cc 
Build flags: 
Id flags:  

The output was:
0


Compilation of the C compiler identification source "CMakeCCompilerId.c" produced "a.out"

The C compiler identification is GNU, found in "/DEngine/desdk/cpp/build/CMakeFiles/3.25.2/CompilerIdC/a.out"

Compiling the CXX compiler identification source file "CMakeCXXCompilerId.cpp" succeeded.
Compiler: /usr/bin/c++ 
Build flags: 
Id flags:  

The output was:
0


Compilation of the CXX compiler identification source "CMakeCXXCompilerId.cpp" produced "a.out"

The CXX compiler identification is GNU, found in "/DEngine/desdk/cpp/build/CMakeFiles/3.25.2/CompilerIdCXX/a.out"

Detecting C compiler ABI info compiled with the following output:
Change Dir: /DEngine/desdk/cpp/build/CMakeFiles/CMakeScratch/TryCompile-hTOmnM

Run Build Command(s):/usr/bin/make -f Makefile cmTC_bac38/fast && /usr/bin/make  -f CMakeFiles/cmTC_bac38.dir/build.make CMakeFiles/cmTC_bac38.dir/build
make[1]: Entering directory '/home/root/DEngine/desdk/cpp/build/CMakeFiles/CMakeScratch/TryCompile-hTOmnM'
Building C object CMakeFiles/cmTC_bac38.dir/CMakeCCompilerABI.c.o
/usr/bin/cc   -v -o CMakeFiles/cmTC_bac38.dir/CMakeCCompilerABI.c.o -c /usr/share/cmake-3.25/Modules/CMakeCCompilerABI.c
Using built-in specs.
COLLECT_GCC=/usr/bin/cc
Target: loongarch64-Loongson-linux
Configured with: ../../../../../../work-shared/gcc-8.3.0-r0/gcc-8.3.0/configure --build=x86_64-linux --host=loongarch64-Loongson-linux --target=loongarch64-Loongson-linux --prefix=/usr --exec_prefix=/usr --bindir=/usr/bin --sbindir=/usr/sbin --libexecdir=/usr/libexec --datadir=/usr/share --sysconfdir=/etc --sharedstatedir=/com --localstatedir=/var --libdir=/usr/lib64 --includedir=/usr/include --oldincludedir=/usr/include --infodir=/usr/share/info --mandir=/usr/share/man --disable-silent-rules --disable-dependency-tracking --with-libtool-sysroot=/home/fjyx/nfs/yocto/build/tmp/work/loongarch64-Loongson-linux/gcc/8.3.0-r0/recipe-sysroot --with-gnu-ld --enable-shared --enable-languages=c,c++,fortran --enable-threads=posix --enable-multilib --enable-default-pie --enable-c99 --enable-long-long --enable-symvers=gnu --enable-libstdcxx-pch --program-prefix=loongarch64-Loongson-linux- --without-local-prefix --enable-lto --disable-libssp --enable-libitm --disable-bootstrap --disable-libmudflap --with-system-zlib --with-linker-hash-style=gnu --disable-linker-build-id --with-ppl=no --with-cloog=no --enable-checking=release --enable-cheaders=c_global --without-isl --with-sysroot=/ --with-build-sysroot=/home/fjyx/nfs/yocto/build/tmp/work/loongarch64-Loongson-linux/gcc/8.3.0-r0/recipe-sysroot --with-gxx-include-dir=/usr/include/c++ --enable-libcc1 --enable-libgomp --enable-nls --with-glibc-version=2.28 --enable-initfini-array --enable-__cxa_atexit
Thread model: posix
gcc version 8.3.0 (GCC) 
COLLECT_GCC_OPTIONS='-v' '-o' 'CMakeFiles/cmTC_bac38.dir/CMakeCCompilerABI.c.o' '-c' '-mabi=lp64d' '-march=loongarch64' '-mfpu=64' '-msimd=none' '-mcmodel=normal' '-mtune=loongarch64'
 /usr/libexec/gcc/loongarch64-Loongson-linux/8.3.0/cc1 -quiet -v -imultilib . /usr/share/cmake-3.25/Modules/CMakeCCompilerABI.c -quiet -dumpbase CMakeCCompilerABI.c -mabi=lp64d -march=loongarch64 -mfpu=64 -msimd=none -mcmodel=normal -mtune=loongarch64 -auxbase-strip CMakeFiles/cmTC_bac38.dir/CMakeCCompilerABI.c.o -version -o /tmp/ccsL8eUS.s
GNU C17 (GCC) version 8.3.0 (loongarch64-Loongson-linux)
	compiled by GNU C version 8.3.0, GMP version 6.2.1, MPFR version 4.1.0, MPC version 1.2.1, isl version none
GGC heuristics: --param ggc-min-expand=100 --param ggc-min-heapsize=131072
ignoring duplicate directory "/usr/lib64/gcc/loongarch64-Loongson-linux/8.3.0/include"
ignoring nonexistent directory "/usr/local/include"
ignoring nonexistent directory "/usr/lib64/gcc/loongarch64-Loongson-linux/8.3.0/../../../../loongarch64-Loongson-linux/include"
#include "..." search starts here:
#include <...> search starts here:
 /usr/lib64/gcc/loongarch64-Loongson-linux/8.3.0/include
 /usr/lib64/gcc/loongarch64-Loongson-linux/8.3.0/include-fixed
 /usr/include
End of search list.
GNU C17 (GCC) version 8.3.0 (loongarch64-Loongson-linux)
	compiled by GNU C version 8.3.0, GMP version 6.2.1, MPFR version 4.1.0, MPC version 1.2.1, isl version none
GGC heuristics: --param ggc-min-expand=100 --param ggc-min-heapsize=131072
Compiler executable checksum: 9f534a8a69429fdbdcc00bafc06f8ba4
COLLECT_GCC_OPTIONS='-v' '-o' 'CMakeFiles/cmTC_bac38.dir/CMakeCCompilerABI.c.o' '-c' '-mabi=lp64d' '-march=loongarch64' '-mfpu=64' '-msimd=none' '-mcmodel=normal' '-mtune=loongarch64'
 /usr/lib64/gcc/loongarch64-Loongson-linux/8.3.0/../../../../loongarch64-Loongson-linux/bin/as -v -mabi=lp64 -o CMakeFiles/cmTC_bac38.dir/CMakeCCompilerABI.c.o /tmp/ccsL8eUS.s
GNU assembler version 2.31.1 (loongarch64-Loongson-linux) using BFD version (GNU Binutils) 2.31.1.20190122
COMPILER_PATH=/usr/libexec/gcc/loongarch64-Loongson-linux/8.3.0/:/usr/libexec/gcc/loongarch64-Loongson-linux/8.3.0/:/usr/libexec/gcc/loongarch64-Loongson-linux/:/usr/lib64/gcc/loongarch64-Loongson-linux/8.3.0/:/usr/lib64/gcc/loongarch64-Loongson-linux/:/usr/lib64/gcc/loongarch64-Loongson-linux/8.3.0/../../../../loongarch64-Loongson-linux/bin/
LIBRARY_PATH=/usr/lib64/gcc/loongarch64-Loongson-linux/8.3.0/:/usr/lib64/gcc/loongarch64-Loongson-linux/8.3.0/../../../../lib64/:/usr/lib64/../lib64/:/usr/lib64/../lib64/:/usr/lib64/gcc/loongarch64-Loongson-linux/8.3.0/../../../:/usr/lib64/:/usr/lib64/
COLLECT_GCC_OPTIONS='-v' '-o' 'CMakeFiles/cmTC_bac38.dir/CMakeCCompilerABI.c.o' '-c' '-mabi=lp64d' '-march=loongarch64' '-mfpu=64' '-msimd=none' '-mcmodel=normal' '-mtune=loongarch64'
Linking C executable cmTC_bac38
/usr/bin/cmake -E cmake_link_script CMakeFiles/cmTC_bac38.dir/link.txt --verbose=1
/usr/bin/cc  -v -rdynamic CMakeFiles/cmTC_bac38.dir/CMakeCCompilerABI.c.o -o cmTC_bac38 
Using built-in specs.
COLLECT_GCC=/usr/bin/cc
COLLECT_LTO_WRAPPER=/usr/libexec/gcc/loongarch64-Loongson-linux/8.3.0/lto-wrapper
Target: loongarch64-Loongson-linux
Configured with: ../../../../../../work-shared/gcc-8.3.0-r0/gcc-8.3.0/configure --build=x86_64-linux --host=loongarch64-Loongson-linux --target=loongarch64-Loongson-linux --prefix=/usr --exec_prefix=/usr --bindir=/usr/bin --sbindir=/usr/sbin --libexecdir=/usr/libexec --datadir=/usr/share --sysconfdir=/etc --sharedstatedir=/com --localstatedir=/var --libdir=/usr/lib64 --includedir=/usr/include --oldincludedir=/usr/include --infodir=/usr/share/info --mandir=/usr/share/man --disable-silent-rules --disable-dependency-tracking --with-libtool-sysroot=/home/fjyx/nfs/yocto/build/tmp/work/loongarch64-Loongson-linux/gcc/8.3.0-r0/recipe-sysroot --with-gnu-ld --enable-shared --enable-languages=c,c++,fortran --enable-threads=posix --enable-multilib --enable-default-pie --enable-c99 --enable-long-long --enable-symvers=gnu --enable-libstdcxx-pch --program-prefix=loongarch64-Loongson-linux- --without-local-prefix --enable-lto --disable-libssp --enable-libitm --disable-bootstrap --disable-libmudflap --with-system-zlib --with-linker-hash-style=gnu --disable-linker-build-id --with-ppl=no --with-cloog=no --enable-checking=release --enable-cheaders=c_global --without-isl --with-sysroot=/ --with-build-sysroot=/home/fjyx/nfs/yocto/build/tmp/work/loongarch64-Loongson-linux/gcc/8.3.0-r0/recipe-sysroot --with-gxx-include-dir=/usr/include/c++ --enable-libcc1 --enable-libgomp --enable-nls --with-glibc-version=2.28 --enable-initfini-array --enable-__cxa_atexit
Thread model: posix
gcc version 8.3.0 (GCC) 
COMPILER_PATH=/usr/libexec/gcc/loongarch64-Loongson-linux/8.3.0/:/usr/libexec/gcc/loongarch64-Loongson-linux/8.3.0/:/usr/libexec/gcc/loongarch64-Loongson-linux/:/usr/lib64/gcc/loongarch64-Loongson-linux/8.3.0/:/usr/lib64/gcc/loongarch64-Loongson-linux/:/usr/lib64/gcc/loongarch64-Loongson-linux/8.3.0/../../../../loongarch64-Loongson-linux/bin/
LIBRARY_PATH=/usr/lib64/gcc/loongarch64-Loongson-linux/8.3.0/:/usr/lib64/gcc/loongarch64-Loongson-linux/8.3.0/../../../../lib64/:/usr/lib64/../lib64/:/usr/lib64/../lib64/:/usr/lib64/gcc/loongarch64-Loongson-linux/8.3.0/../../../:/usr/lib64/:/usr/lib64/
COLLECT_GCC_OPTIONS='-v' '-rdynamic' '-o' 'cmTC_bac38' '-mabi=lp64d' '-march=loongarch64' '-mfpu=64' '-msimd=none' '-mcmodel=normal' '-mtune=loongarch64'
 /usr/libexec/gcc/loongarch64-Loongson-linux/8.3.0/collect2 -plugin /usr/libexec/gcc/loongarch64-Loongson-linux/8.3.0/liblto_plugin.so -plugin-opt=/usr/libexec/gcc/loongarch64-Loongson-linux/8.3.0/lto-wrapper -plugin-opt=-fresolution=/tmp/ccb2n841.res -plugin-opt=-pass-through=-lgcc -plugin-opt=-pass-through=-lgcc_s -plugin-opt=-pass-through=-lc -plugin-opt=-pass-through=-lgcc -plugin-opt=-pass-through=-lgcc_s --sysroot=/ --eh-frame-hdr --hash-style=gnu -m elf64loongarch -export-dynamic -dynamic-linker /lib64/ld.so.1 -pie -o cmTC_bac38 /usr/lib64/gcc/loongarch64-Loongson-linux/8.3.0/../../../../lib64/Scrt1.o /usr/lib64/gcc/loongarch64-Loongson-linux/8.3.0/../../../../lib64/crti.o /usr/lib64/gcc/loongarch64-Loongson-linux/8.3.0/crtbeginS.o -L/usr/lib64/gcc/loongarch64-Loongson-linux/8.3.0 -L/usr/lib64/gcc/loongarch64-Loongson-linux/8.3.0/../../../../lib64 -L/usr/lib64/../lib64 -L/usr/lib64/../lib64 -L/usr/lib64/gcc/loongarch64-Loongson-linux/8.3.0/../../.. -L/usr/lib64 -L/usr/lib64 CMakeFiles/cmTC_bac38.dir/CMakeCCompilerABI.c.o -lgcc --push-state --as-needed -lgcc_s --pop-state -lc -lgcc --push-state --as-needed -lgcc_s --pop-state /usr/lib64/gcc/loongarch64-Loongson-linux/8.3.0/crtendS.o /usr/lib64/gcc/loongarch64-Loongson-linux/8.3.0/../../../../lib64/crtn.o
COLLECT_GCC_OPTIONS='-v' '-rdynamic' '-o' 'cmTC_bac38' '-mabi=lp64d' '-march=loongarch64' '-mfpu=64' '-msimd=none' '-mcmodel=normal' '-mtune=loongarch64'
make[1]: Leaving directory '/home/root/DEngine/desdk/cpp/build/CMakeFiles/CMakeScratch/TryCompile-hTOmnM'



Parsed C implicit include dir info from above output: rv=done
  found start of include info
  found start of implicit include info
    add: [/usr/lib64/gcc/loongarch64-Loongson-linux/8.3.0/include]
    add: [/usr/lib64/gcc/loongarch64-Loongson-linux/8.3.0/include-fixed]
    add: [/usr/include]
  end of search list found
  collapse include dir [/usr/lib64/gcc/loongarch64-Loongson-linux/8.3.0/include] ==> [/usr/lib64/gcc/loongarch64-Loongson-linux/8.3.0/include]
  collapse include dir [/usr/lib64/gcc/loongarch64-Loongson-linux/8.3.0/include-fixed] ==> [/usr/lib64/gcc/loongarch64-Loongson-linux/8.3.0/include-fixed]
  collapse include dir [/usr/include] ==> [/usr/include]
  implicit include dirs: [/usr/lib64/gcc/loongarch64-Loongson-linux/8.3.0/include;/usr/lib64/gcc/loongarch64-Loongson-linux/8.3.0/include-fixed;/usr/include]


Parsed C implicit link information from above output:
  link line regex: [^( *|.*[/\])(ld|CMAKE_LINK_STARTFILE-NOTFOUND|([^/\]+-)?ld|collect2)[^/\]*( |$)]
  ignore line: [Change Dir: /DEngine/desdk/cpp/build/CMakeFiles/CMakeScratch/TryCompile-hTOmnM]
  ignore line: []
  ignore line: [Run Build Command(s):/usr/bin/make -f Makefile cmTC_bac38/fast && /usr/bin/make  -f CMakeFiles/cmTC_bac38.dir/build.make CMakeFiles/cmTC_bac38.dir/build]
  ignore line: [make[1]: Entering directory '/home/root/DEngine/desdk/cpp/build/CMakeFiles/CMakeScratch/TryCompile-hTOmnM']
  ignore line: [Building C object CMakeFiles/cmTC_bac38.dir/CMakeCCompilerABI.c.o]
  ignore line: [/usr/bin/cc   -v -o CMakeFiles/cmTC_bac38.dir/CMakeCCompilerABI.c.o -c /usr/share/cmake-3.25/Modules/CMakeCCompilerABI.c]
  ignore line: [Using built-in specs.]
  ignore line: [COLLECT_GCC=/usr/bin/cc]
  ignore line: [Target: loongarch64-Loongson-linux]
  ignore line: [Configured with: ../../../../../../work-shared/gcc-8.3.0-r0/gcc-8.3.0/configure --build=x86_64-linux --host=loongarch64-Loongson-linux --target=loongarch64-Loongson-linux --prefix=/usr --exec_prefix=/usr --bindir=/usr/bin --sbindir=/usr/sbin --libexecdir=/usr/libexec --datadir=/usr/share --sysconfdir=/etc --sharedstatedir=/com --localstatedir=/var --libdir=/usr/lib64 --includedir=/usr/include --oldincludedir=/usr/include --infodir=/usr/share/info --mandir=/usr/share/man --disable-silent-rules --disable-dependency-tracking --with-libtool-sysroot=/home/fjyx/nfs/yocto/build/tmp/work/loongarch64-Loongson-linux/gcc/8.3.0-r0/recipe-sysroot --with-gnu-ld --enable-shared --enable-languages=c,c++,fortran --enable-threads=posix --enable-multilib --enable-default-pie --enable-c99 --enable-long-long --enable-symvers=gnu --enable-libstdcxx-pch --program-prefix=loongarch64-Loongson-linux- --without-local-prefix --enable-lto --disable-libssp --enable-libitm --disable-bootstrap --disable-libmudflap --with-system-zlib --with-linker-hash-style=gnu --disable-linker-build-id --with-ppl=no --with-cloog=no --enable-checking=release --enable-cheaders=c_global --without-isl --with-sysroot=/ --with-build-sysroot=/home/fjyx/nfs/yocto/build/tmp/work/loongarch64-Loongson-linux/gcc/8.3.0-r0/recipe-sysroot --with-gxx-include-dir=/usr/include/c++ --enable-libcc1 --enable-libgomp --enable-nls --with-glibc-version=2.28 --enable-initfini-array --enable-__cxa_atexit]
  ignore line: [Thread model: posix]
  ignore line: [gcc version 8.3.0 (GCC) ]
  ignore line: [COLLECT_GCC_OPTIONS='-v' '-o' 'CMakeFiles/cmTC_bac38.dir/CMakeCCompilerABI.c.o' '-c' '-mabi=lp64d' '-march=loongarch64' '-mfpu=64' '-msimd=none' '-mcmodel=normal' '-mtune=loongarch64']
  ignore line: [ /usr/libexec/gcc/loongarch64-Loongson-linux/8.3.0/cc1 -quiet -v -imultilib . /usr/share/cmake-3.25/Modules/CMakeCCompilerABI.c -quiet -dumpbase CMakeCCompilerABI.c -mabi=lp64d -march=loongarch64 -mfpu=64 -msimd=none -mcmodel=normal -mtune=loongarch64 -auxbase-strip CMakeFiles/cmTC_bac38.dir/CMakeCCompilerABI.c.o -version -o /tmp/ccsL8eUS.s]
  ignore line: [GNU C17 (GCC) version 8.3.0 (loongarch64-Loongson-linux)]
  ignore line: [	compiled by GNU C version 8.3.0  GMP version 6.2.1  MPFR version 4.1.0  MPC version 1.2.1  isl version none]
  ignore line: [GGC heuristics: --param ggc-min-expand=100 --param ggc-min-heapsize=131072]
  ignore line: [ignoring duplicate directory "/usr/lib64/gcc/loongarch64-Loongson-linux/8.3.0/include"]
  ignore line: [ignoring nonexistent directory "/usr/local/include"]
  ignore line: [ignoring nonexistent directory "/usr/lib64/gcc/loongarch64-Loongson-linux/8.3.0/../../../../loongarch64-Loongson-linux/include"]
  ignore line: [#include "..." search starts here:]
  ignore line: [#include <...> search starts here:]
  ignore line: [ /usr/lib64/gcc/loongarch64-Loongson-linux/8.3.0/include]
  ignore line: [ /usr/lib64/gcc/loongarch64-Loongson-linux/8.3.0/include-fixed]
  ignore line: [ /usr/include]
  ignore line: [End of search list.]
  ignore line: [GNU C17 (GCC) version 8.3.0 (loongarch64-Loongson-linux)]
  ignore line: [	compiled by GNU C version 8.3.0  GMP version 6.2.1  MPFR version 4.1.0  MPC version 1.2.1  isl version none]
  ignore line: [GGC heuristics: --param ggc-min-expand=100 --param ggc-min-heapsize=131072]
  ignore line: [Compiler executable checksum: 9f534a8a69429fdbdcc00bafc06f8ba4]
  ignore line: [COLLECT_GCC_OPTIONS='-v' '-o' 'CMakeFiles/cmTC_bac38.dir/CMakeCCompilerABI.c.o' '-c' '-mabi=lp64d' '-march=loongarch64' '-mfpu=64' '-msimd=none' '-mcmodel=normal' '-mtune=loongarch64']
  ignore line: [ /usr/lib64/gcc/loongarch64-Loongson-linux/8.3.0/../../../../loongarch64-Loongson-linux/bin/as -v -mabi=lp64 -o CMakeFiles/cmTC_bac38.dir/CMakeCCompilerABI.c.o /tmp/ccsL8eUS.s]
  ignore line: [GNU assembler version 2.31.1 (loongarch64-Loongson-linux) using BFD version (GNU Binutils) 2.31.1.20190122]
  ignore line: [COMPILER_PATH=/usr/libexec/gcc/loongarch64-Loongson-linux/8.3.0/:/usr/libexec/gcc/loongarch64-Loongson-linux/8.3.0/:/usr/libexec/gcc/loongarch64-Loongson-linux/:/usr/lib64/gcc/loongarch64-Loongson-linux/8.3.0/:/usr/lib64/gcc/loongarch64-Loongson-linux/:/usr/lib64/gcc/loongarch64-Loongson-linux/8.3.0/../../../../loongarch64-Loongson-linux/bin/]
  ignore line: [LIBRARY_PATH=/usr/lib64/gcc/loongarch64-Loongson-linux/8.3.0/:/usr/lib64/gcc/loongarch64-Loongson-linux/8.3.0/../../../../lib64/:/usr/lib64/../lib64/:/usr/lib64/../lib64/:/usr/lib64/gcc/loongarch64-Loongson-linux/8.3.0/../../../:/usr/lib64/:/usr/lib64/]
  ignore line: [COLLECT_GCC_OPTIONS='-v' '-o' 'CMakeFiles/cmTC_bac38.dir/CMakeCCompilerABI.c.o' '-c' '-mabi=lp64d' '-march=loongarch64' '-mfpu=64' '-msimd=none' '-mcmodel=normal' '-mtune=loongarch64']
  ignore line: [Linking C executable cmTC_bac38]
  ignore line: [/usr/bin/cmake -E cmake_link_script CMakeFiles/cmTC_bac38.dir/link.txt --verbose=1]
  ignore line: [/usr/bin/cc  -v -rdynamic CMakeFiles/cmTC_bac38.dir/CMakeCCompilerABI.c.o -o cmTC_bac38 ]
  ignore line: [Using built-in specs.]
  ignore line: [COLLECT_GCC=/usr/bin/cc]
  ignore line: [COLLECT_LTO_WRAPPER=/usr/libexec/gcc/loongarch64-Loongson-linux/8.3.0/lto-wrapper]
  ignore line: [Target: loongarch64-Loongson-linux]
  ignore line: [Configured with: ../../../../../../work-shared/gcc-8.3.0-r0/gcc-8.3.0/configure --build=x86_64-linux --host=loongarch64-Loongson-linux --target=loongarch64-Loongson-linux --prefix=/usr --exec_prefix=/usr --bindir=/usr/bin --sbindir=/usr/sbin --libexecdir=/usr/libexec --datadir=/usr/share --sysconfdir=/etc --sharedstatedir=/com --localstatedir=/var --libdir=/usr/lib64 --includedir=/usr/include --oldincludedir=/usr/include --infodir=/usr/share/info --mandir=/usr/share/man --disable-silent-rules --disable-dependency-tracking --with-libtool-sysroot=/home/fjyx/nfs/yocto/build/tmp/work/loongarch64-Loongson-linux/gcc/8.3.0-r0/recipe-sysroot --with-gnu-ld --enable-shared --enable-languages=c,c++,fortran --enable-threads=posix --enable-multilib --enable-default-pie --enable-c99 --enable-long-long --enable-symvers=gnu --enable-libstdcxx-pch --program-prefix=loongarch64-Loongson-linux- --without-local-prefix --enable-lto --disable-libssp --enable-libitm --disable-bootstrap --disable-libmudflap --with-system-zlib --with-linker-hash-style=gnu --disable-linker-build-id --with-ppl=no --with-cloog=no --enable-checking=release --enable-cheaders=c_global --without-isl --with-sysroot=/ --with-build-sysroot=/home/fjyx/nfs/yocto/build/tmp/work/loongarch64-Loongson-linux/gcc/8.3.0-r0/recipe-sysroot --with-gxx-include-dir=/usr/include/c++ --enable-libcc1 --enable-libgomp --enable-nls --with-glibc-version=2.28 --enable-initfini-array --enable-__cxa_atexit]
  ignore line: [Thread model: posix]
  ignore line: [gcc version 8.3.0 (GCC) ]
  ignore line: [COMPILER_PATH=/usr/libexec/gcc/loongarch64-Loongson-linux/8.3.0/:/usr/libexec/gcc/loongarch64-Loongson-linux/8.3.0/:/usr/libexec/gcc/loongarch64-Loongson-linux/:/usr/lib64/gcc/loongarch64-Loongson-linux/8.3.0/:/usr/lib64/gcc/loongarch64-Loongson-linux/:/usr/lib64/gcc/loongarch64-Loongson-linux/8.3.0/../../../../loongarch64-Loongson-linux/bin/]
  ignore line: [LIBRARY_PATH=/usr/lib64/gcc/loongarch64-Loongson-linux/8.3.0/:/usr/lib64/gcc/loongarch64-Loongson-linux/8.3.0/../../../../lib64/:/usr/lib64/../lib64/:/usr/lib64/../lib64/:/usr/lib64/gcc/loongarch64-Loongson-linux/8.3.0/../../../:/usr/lib64/:/usr/lib64/]
  ignore line: [COLLECT_GCC_OPTIONS='-v' '-rdynamic' '-o' 'cmTC_bac38' '-mabi=lp64d' '-march=loongarch64' '-mfpu=64' '-msimd=none' '-mcmodel=normal' '-mtune=loongarch64']
  link line: [ /usr/libexec/gcc/loongarch64-Loongson-linux/8.3.0/collect2 -plugin /usr/libexec/gcc/loongarch64-Loongson-linux/8.3.0/liblto_plugin.so -plugin-opt=/usr/libexec/gcc/loongarch64-Loongson-linux/8.3.0/lto-wrapper -plugin-opt=-fresolution=/tmp/ccb2n841.res -plugin-opt=-pass-through=-lgcc -plugin-opt=-pass-through=-lgcc_s -plugin-opt=-pass-through=-lc -plugin-opt=-pass-through=-lgcc -plugin-opt=-pass-through=-lgcc_s --sysroot=/ --eh-frame-hdr --hash-style=gnu -m elf64loongarch -export-dynamic -dynamic-linker /lib64/ld.so.1 -pie -o cmTC_bac38 /usr/lib64/gcc/loongarch64-Loongson-linux/8.3.0/../../../../lib64/Scrt1.o /usr/lib64/gcc/loongarch64-Loongson-linux/8.3.0/../../../../lib64/crti.o /usr/lib64/gcc/loongarch64-Loongson-linux/8.3.0/crtbeginS.o -L/usr/lib64/gcc/loongarch64-Loongson-linux/8.3.0 -L/usr/lib64/gcc/loongarch64-Loongson-linux/8.3.0/../../../../lib64 -L/usr/lib64/../lib64 -L/usr/lib64/../lib64 -L/usr/lib64/gcc/loongarch64-Loongson-linux/8.3.0/../../.. -L/usr/lib64 -L/usr/lib64 CMakeFiles/cmTC_bac38.dir/CMakeCCompilerABI.c.o -lgcc --push-state --as-needed -lgcc_s --pop-state -lc -lgcc --push-state --as-needed -lgcc_s --pop-state /usr/lib64/gcc/loongarch64-Loongson-linux/8.3.0/crtendS.o /usr/lib64/gcc/loongarch64-Loongson-linux/8.3.0/../../../../lib64/crtn.o]
    arg [/usr/libexec/gcc/loongarch64-Loongson-linux/8.3.0/collect2] ==> ignore
    arg [-plugin] ==> ignore
    arg [/usr/libexec/gcc/loongarch64-Loongson-linux/8.3.0/liblto_plugin.so] ==> ignore
    arg [-plugin-opt=/usr/libexec/gcc/loongarch64-Loongson-linux/8.3.0/lto-wrapper] ==> ignore
    arg [-plugin-opt=-fresolution=/tmp/ccb2n841.res] ==> ignore
    arg [-plugin-opt=-pass-through=-lgcc] ==> ignore
    arg [-plugin-opt=-pass-through=-lgcc_s] ==> ignore
    arg [-plugin-opt=-pass-through=-lc] ==> ignore
    arg [-plugin-opt=-pass-through=-lgcc] ==> ignore
    arg [-plugin-opt=-pass-through=-lgcc_s] ==> ignore
    arg [--sysroot=/] ==> ignore
    arg [--eh-frame-hdr] ==> ignore
    arg [--hash-style=gnu] ==> ignore
    arg [-m] ==> ignore
    arg [elf64loongarch] ==> ignore
    arg [-export-dynamic] ==> ignore
    arg [-dynamic-linker] ==> ignore
    arg [/lib64/ld.so.1] ==> ignore
    arg [-pie] ==> ignore
    arg [-o] ==> ignore
    arg [cmTC_bac38] ==> ignore
    arg [/usr/lib64/gcc/loongarch64-Loongson-linux/8.3.0/../../../../lib64/Scrt1.o] ==> obj [/usr/lib64/gcc/loongarch64-Loongson-linux/8.3.0/../../../../lib64/Scrt1.o]
    arg [/usr/lib64/gcc/loongarch64-Loongson-linux/8.3.0/../../../../lib64/crti.o] ==> obj [/usr/lib64/gcc/loongarch64-Loongson-linux/8.3.0/../../../../lib64/crti.o]
    arg [/usr/lib64/gcc/loongarch64-Loongson-linux/8.3.0/crtbeginS.o] ==> obj [/usr/lib64/gcc/loongarch64-Loongson-linux/8.3.0/crtbeginS.o]
    arg [-L/usr/lib64/gcc/loongarch64-Loongson-linux/8.3.0] ==> dir [/usr/lib64/gcc/loongarch64-Loongson-linux/8.3.0]
    arg [-L/usr/lib64/gcc/loongarch64-Loongson-linux/8.3.0/../../../../lib64] ==> dir [/usr/lib64/gcc/loongarch64-Loongson-linux/8.3.0/../../../../lib64]
    arg [-L/usr/lib64/../lib64] ==> dir [/usr/lib64/../lib64]
    arg [-L/usr/lib64/../lib64] ==> dir [/usr/lib64/../lib64]
    arg [-L/usr/lib64/gcc/loongarch64-Loongson-linux/8.3.0/../../..] ==> dir [/usr/lib64/gcc/loongarch64-Loongson-linux/8.3.0/../../..]
    arg [-L/usr/lib64] ==> dir [/usr/lib64]
    arg [-L/usr/lib64] ==> dir [/usr/lib64]
    arg [CMakeFiles/cmTC_bac38.dir/CMakeCCompilerABI.c.o] ==> ignore
    arg [-lgcc] ==> lib [gcc]
    arg [--push-state] ==> ignore
    arg [--as-needed] ==> ignore
    arg [-lgcc_s] ==> lib [gcc_s]
    arg [--pop-state] ==> ignore
    arg [-lc] ==> lib [c]
    arg [-lgcc] ==> lib [gcc]
    arg [--push-state] ==> ignore
    arg [--as-needed] ==> ignore
    arg [-lgcc_s] ==> lib [gcc_s]
    arg [--pop-state] ==> ignore
    arg [/usr/lib64/gcc/loongarch64-Loongson-linux/8.3.0/crtendS.o] ==> obj [/usr/lib64/gcc/loongarch64-Loongson-linux/8.3.0/crtendS.o]
    arg [/usr/lib64/gcc/loongarch64-Loongson-linux/8.3.0/../../../../lib64/crtn.o] ==> obj [/usr/lib64/gcc/loongarch64-Loongson-linux/8.3.0/../../../../lib64/crtn.o]
  collapse obj [/usr/lib64/gcc/loongarch64-Loongson-linux/8.3.0/../../../../lib64/Scrt1.o] ==> [/usr/lib64/Scrt1.o]
  collapse obj [/usr/lib64/gcc/loongarch64-Loongson-linux/8.3.0/../../../../lib64/crti.o] ==> [/usr/lib64/crti.o]
  collapse obj [/usr/lib64/gcc/loongarch64-Loongson-linux/8.3.0/../../../../lib64/crtn.o] ==> [/usr/lib64/crtn.o]
  collapse library dir [/usr/lib64/gcc/loongarch64-Loongson-linux/8.3.0] ==> [/usr/lib64/gcc/loongarch64-Loongson-linux/8.3.0]
  collapse library dir [/usr/lib64/gcc/loongarch64-Loongson-linux/8.3.0/../../../../lib64] ==> [/usr/lib64]
  collapse library dir [/usr/lib64/../lib64] ==> [/usr/lib64]
  collapse library dir [/usr/lib64/../lib64] ==> [/usr/lib64]
  collapse library dir [/usr/lib64/gcc/loongarch64-Loongson-linux/8.3.0/../../..] ==> [/usr/lib64]
  collapse library dir [/usr/lib64] ==> [/usr/lib64]
  collapse library dir [/usr/lib64] ==> [/usr/lib64]
  implicit libs: [gcc;gcc_s;c;gcc;gcc_s]
  implicit objs: [/usr/lib64/Scrt1.o;/usr/lib64/crti.o;/usr/lib64/gcc/loongarch64-Loongson-linux/8.3.0/crtbeginS.o;/usr/lib64/gcc/loongarch64-Loongson-linux/8.3.0/crtendS.o;/usr/lib64/crtn.o]
  implicit dirs: [/usr/lib64/gcc/loongarch64-Loongson-linux/8.3.0;/usr/lib64]
  implicit fwks: []


Detecting CXX compiler ABI info compiled with the following output:
Change Dir: /DEngine/desdk/cpp/build/CMakeFiles/CMakeScratch/TryCompile-rnvoub

Run Build Command(s):/usr/bin/make -f Makefile cmTC_444c6/fast && /usr/bin/make  -f CMakeFiles/cmTC_444c6.dir/build.make CMakeFiles/cmTC_444c6.dir/build
make[1]: Entering directory '/home/root/DEngine/desdk/cpp/build/CMakeFiles/CMakeScratch/TryCompile-rnvoub'
Building CXX object CMakeFiles/cmTC_444c6.dir/CMakeCXXCompilerABI.cpp.o
/usr/bin/c++   -v -o CMakeFiles/cmTC_444c6.dir/CMakeCXXCompilerABI.cpp.o -c /usr/share/cmake-3.25/Modules/CMakeCXXCompilerABI.cpp
Using built-in specs.
COLLECT_GCC=/usr/bin/c++
Target: loongarch64-Loongson-linux
Configured with: ../../../../../../work-shared/gcc-8.3.0-r0/gcc-8.3.0/configure --build=x86_64-linux --host=loongarch64-Loongson-linux --target=loongarch64-Loongson-linux --prefix=/usr --exec_prefix=/usr --bindir=/usr/bin --sbindir=/usr/sbin --libexecdir=/usr/libexec --datadir=/usr/share --sysconfdir=/etc --sharedstatedir=/com --localstatedir=/var --libdir=/usr/lib64 --includedir=/usr/include --oldincludedir=/usr/include --infodir=/usr/share/info --mandir=/usr/share/man --disable-silent-rules --disable-dependency-tracking --with-libtool-sysroot=/home/fjyx/nfs/yocto/build/tmp/work/loongarch64-Loongson-linux/gcc/8.3.0-r0/recipe-sysroot --with-gnu-ld --enable-shared --enable-languages=c,c++,fortran --enable-threads=posix --enable-multilib --enable-default-pie --enable-c99 --enable-long-long --enable-symvers=gnu --enable-libstdcxx-pch --program-prefix=loongarch64-Loongson-linux- --without-local-prefix --enable-lto --disable-libssp --enable-libitm --disable-bootstrap --disable-libmudflap --with-system-zlib --with-linker-hash-style=gnu --disable-linker-build-id --with-ppl=no --with-cloog=no --enable-checking=release --enable-cheaders=c_global --without-isl --with-sysroot=/ --with-build-sysroot=/home/fjyx/nfs/yocto/build/tmp/work/loongarch64-Loongson-linux/gcc/8.3.0-r0/recipe-sysroot --with-gxx-include-dir=/usr/include/c++ --enable-libcc1 --enable-libgomp --enable-nls --with-glibc-version=2.28 --enable-initfini-array --enable-__cxa_atexit
Thread model: posix
gcc version 8.3.0 (GCC) 
COLLECT_GCC_OPTIONS='-v' '-o' 'CMakeFiles/cmTC_444c6.dir/CMakeCXXCompilerABI.cpp.o' '-c' '-shared-libgcc' '-mabi=lp64d' '-march=loongarch64' '-mfpu=64' '-msimd=none' '-mcmodel=normal' '-mtune=loongarch64'
 /usr/libexec/gcc/loongarch64-Loongson-linux/8.3.0/cc1plus -quiet -v -imultilib . -D_GNU_SOURCE /usr/share/cmake-3.25/Modules/CMakeCXXCompilerABI.cpp -quiet -dumpbase CMakeCXXCompilerABI.cpp -mabi=lp64d -march=loongarch64 -mfpu=64 -msimd=none -mcmodel=normal -mtune=loongarch64 -auxbase-strip CMakeFiles/cmTC_444c6.dir/CMakeCXXCompilerABI.cpp.o -version -o /tmp/cc1uUFPw.s
GNU C++14 (GCC) version 8.3.0 (loongarch64-Loongson-linux)
	compiled by GNU C version 8.3.0, GMP version 6.2.1, MPFR version 4.1.0, MPC version 1.2.1, isl version none
GGC heuristics: --param ggc-min-expand=100 --param ggc-min-heapsize=131072
ignoring nonexistent directory "/usr/include/c++/loongarch64-Loongson-linux/."
ignoring duplicate directory "/usr/lib64/gcc/loongarch64-Loongson-linux/8.3.0/include"
ignoring nonexistent directory "/usr/local/include"
ignoring nonexistent directory "/usr/lib64/gcc/loongarch64-Loongson-linux/8.3.0/../../../../loongarch64-Loongson-linux/include"
#include "..." search starts here:
#include <...> search starts here:
 /usr/include/c++
 /usr/include/c++/backward
 /usr/lib64/gcc/loongarch64-Loongson-linux/8.3.0/include
 /usr/lib64/gcc/loongarch64-Loongson-linux/8.3.0/include-fixed
 /usr/include
End of search list.
GNU C++14 (GCC) version 8.3.0 (loongarch64-Loongson-linux)
	compiled by GNU C version 8.3.0, GMP version 6.2.1, MPFR version 4.1.0, MPC version 1.2.1, isl version none
GGC heuristics: --param ggc-min-expand=100 --param ggc-min-heapsize=131072
Compiler executable checksum: cd2bdc1462b3ad2655fb7a61b4592a5d
COLLECT_GCC_OPTIONS='-v' '-o' 'CMakeFiles/cmTC_444c6.dir/CMakeCXXCompilerABI.cpp.o' '-c' '-shared-libgcc' '-mabi=lp64d' '-march=loongarch64' '-mfpu=64' '-msimd=none' '-mcmodel=normal' '-mtune=loongarch64'
 /usr/lib64/gcc/loongarch64-Loongson-linux/8.3.0/../../../../loongarch64-Loongson-linux/bin/as -v -mabi=lp64 -o CMakeFiles/cmTC_444c6.dir/CMakeCXXCompilerABI.cpp.o /tmp/cc1uUFPw.s
GNU assembler version 2.31.1 (loongarch64-Loongson-linux) using BFD version (GNU Binutils) 2.31.1.20190122
COMPILER_PATH=/usr/libexec/gcc/loongarch64-Loongson-linux/8.3.0/:/usr/libexec/gcc/loongarch64-Loongson-linux/8.3.0/:/usr/libexec/gcc/loongarch64-Loongson-linux/:/usr/lib64/gcc/loongarch64-Loongson-linux/8.3.0/:/usr/lib64/gcc/loongarch64-Loongson-linux/:/usr/lib64/gcc/loongarch64-Loongson-linux/8.3.0/../../../../loongarch64-Loongson-linux/bin/
LIBRARY_PATH=/usr/lib64/gcc/loongarch64-Loongson-linux/8.3.0/:/usr/lib64/gcc/loongarch64-Loongson-linux/8.3.0/../../../../lib64/:/usr/lib64/../lib64/:/usr/lib64/../lib64/:/usr/lib64/gcc/loongarch64-Loongson-linux/8.3.0/../../../:/usr/lib64/:/usr/lib64/
COLLECT_GCC_OPTIONS='-v' '-o' 'CMakeFiles/cmTC_444c6.dir/CMakeCXXCompilerABI.cpp.o' '-c' '-shared-libgcc' '-mabi=lp64d' '-march=loongarch64' '-mfpu=64' '-msimd=none' '-mcmodel=normal' '-mtune=loongarch64'
Linking CXX executable cmTC_444c6
/usr/bin/cmake -E cmake_link_script CMakeFiles/cmTC_444c6.dir/link.txt --verbose=1
/usr/bin/c++  -v -rdynamic CMakeFiles/cmTC_444c6.dir/CMakeCXXCompilerABI.cpp.o -o cmTC_444c6 
Using built-in specs.
COLLECT_GCC=/usr/bin/c++
COLLECT_LTO_WRAPPER=/usr/libexec/gcc/loongarch64-Loongson-linux/8.3.0/lto-wrapper
Target: loongarch64-Loongson-linux
Configured with: ../../../../../../work-shared/gcc-8.3.0-r0/gcc-8.3.0/configure --build=x86_64-linux --host=loongarch64-Loongson-linux --target=loongarch64-Loongson-linux --prefix=/usr --exec_prefix=/usr --bindir=/usr/bin --sbindir=/usr/sbin --libexecdir=/usr/libexec --datadir=/usr/share --sysconfdir=/etc --sharedstatedir=/com --localstatedir=/var --libdir=/usr/lib64 --includedir=/usr/include --oldincludedir=/usr/include --infodir=/usr/share/info --mandir=/usr/share/man --disable-silent-rules --disable-dependency-tracking --with-libtool-sysroot=/home/fjyx/nfs/yocto/build/tmp/work/loongarch64-Loongson-linux/gcc/8.3.0-r0/recipe-sysroot --with-gnu-ld --enable-shared --enable-languages=c,c++,fortran --enable-threads=posix --enable-multilib --enable-default-pie --enable-c99 --enable-long-long --enable-symvers=gnu --enable-libstdcxx-pch --program-prefix=loongarch64-Loongson-linux- --without-local-prefix --enable-lto --disable-libssp --enable-libitm --disable-bootstrap --disable-libmudflap --with-system-zlib --with-linker-hash-style=gnu --disable-linker-build-id --with-ppl=no --with-cloog=no --enable-checking=release --enable-cheaders=c_global --without-isl --with-sysroot=/ --with-build-sysroot=/home/fjyx/nfs/yocto/build/tmp/work/loongarch64-Loongson-linux/gcc/8.3.0-r0/recipe-sysroot --with-gxx-include-dir=/usr/include/c++ --enable-libcc1 --enable-libgomp --enable-nls --with-glibc-version=2.28 --enable-initfini-array --enable-__cxa_atexit
Thread model: posix
gcc version 8.3.0 (GCC) 
COMPILER_PATH=/usr/libexec/gcc/loongarch64-Loongson-linux/8.3.0/:/usr/libexec/gcc/loongarch64-Loongson-linux/8.3.0/:/usr/libexec/gcc/loongarch64-Loongson-linux/:/usr/lib64/gcc/loongarch64-Loongson-linux/8.3.0/:/usr/lib64/gcc/loongarch64-Loongson-linux/:/usr/lib64/gcc/loongarch64-Loongson-linux/8.3.0/../../../../loongarch64-Loongson-linux/bin/
LIBRARY_PATH=/usr/lib64/gcc/loongarch64-Loongson-linux/8.3.0/:/usr/lib64/gcc/loongarch64-Loongson-linux/8.3.0/../../../../lib64/:/usr/lib64/../lib64/:/usr/lib64/../lib64/:/usr/lib64/gcc/loongarch64-Loongson-linux/8.3.0/../../../:/usr/lib64/:/usr/lib64/
COLLECT_GCC_OPTIONS='-v' '-rdynamic' '-o' 'cmTC_444c6' '-shared-libgcc' '-mabi=lp64d' '-march=loongarch64' '-mfpu=64' '-msimd=none' '-mcmodel=normal' '-mtune=loongarch64'
 /usr/libexec/gcc/loongarch64-Loongson-linux/8.3.0/collect2 -plugin /usr/libexec/gcc/loongarch64-Loongson-linux/8.3.0/liblto_plugin.so -plugin-opt=/usr/libexec/gcc/loongarch64-Loongson-linux/8.3.0/lto-wrapper -plugin-opt=-fresolution=/tmp/ccXkIrxF.res -plugin-opt=-pass-through=-lgcc_s -plugin-opt=-pass-through=-lgcc -plugin-opt=-pass-through=-lc -plugin-opt=-pass-through=-lgcc_s -plugin-opt=-pass-through=-lgcc --sysroot=/ --eh-frame-hdr --hash-style=gnu -m elf64loongarch -export-dynamic -dynamic-linker /lib64/ld.so.1 -pie -o cmTC_444c6 /usr/lib64/gcc/loongarch64-Loongson-linux/8.3.0/../../../../lib64/Scrt1.o /usr/lib64/gcc/loongarch64-Loongson-linux/8.3.0/../../../../lib64/crti.o /usr/lib64/gcc/loongarch64-Loongson-linux/8.3.0/crtbeginS.o -L/usr/lib64/gcc/loongarch64-Loongson-linux/8.3.0 -L/usr/lib64/gcc/loongarch64-Loongson-linux/8.3.0/../../../../lib64 -L/usr/lib64/../lib64 -L/usr/lib64/../lib64 -L/usr/lib64/gcc/loongarch64-Loongson-linux/8.3.0/../../.. -L/usr/lib64 -L/usr/lib64 CMakeFiles/cmTC_444c6.dir/CMakeCXXCompilerABI.cpp.o -lstdc++ -lm -lgcc_s -lgcc -lc -lgcc_s -lgcc /usr/lib64/gcc/loongarch64-Loongson-linux/8.3.0/crtendS.o /usr/lib64/gcc/loongarch64-Loongson-linux/8.3.0/../../../../lib64/crtn.o
COLLECT_GCC_OPTIONS='-v' '-rdynamic' '-o' 'cmTC_444c6' '-shared-libgcc' '-mabi=lp64d' '-march=loongarch64' '-mfpu=64' '-msimd=none' '-mcmodel=normal' '-mtune=loongarch64'
make[1]: Leaving directory '/home/root/DEngine/desdk/cpp/build/CMakeFiles/CMakeScratch/TryCompile-rnvoub'



Parsed CXX implicit include dir info from above output: rv=done
  found start of include info
  found start of implicit include info
    add: [/usr/include/c++]
    add: [/usr/include/c++/backward]
    add: [/usr/lib64/gcc/loongarch64-Loongson-linux/8.3.0/include]
    add: [/usr/lib64/gcc/loongarch64-Loongson-linux/8.3.0/include-fixed]
    add: [/usr/include]
  end of search list found
  collapse include dir [/usr/include/c++] ==> [/usr/include/c++]
  collapse include dir [/usr/include/c++/backward] ==> [/usr/include/c++/backward]
  collapse include dir [/usr/lib64/gcc/loongarch64-Loongson-linux/8.3.0/include] ==> [/usr/lib64/gcc/loongarch64-Loongson-linux/8.3.0/include]
  collapse include dir [/usr/lib64/gcc/loongarch64-Loongson-linux/8.3.0/include-fixed] ==> [/usr/lib64/gcc/loongarch64-Loongson-linux/8.3.0/include-fixed]
  collapse include dir [/usr/include] ==> [/usr/include]
  implicit include dirs: [/usr/include/c++;/usr/include/c++/backward;/usr/lib64/gcc/loongarch64-Loongson-linux/8.3.0/include;/usr/lib64/gcc/loongarch64-Loongson-linux/8.3.0/include-fixed;/usr/include]


Parsed CXX implicit link information from above output:
  link line regex: [^( *|.*[/\])(ld|CMAKE_LINK_STARTFILE-NOTFOUND|([^/\]+-)?ld|collect2)[^/\]*( |$)]
  ignore line: [Change Dir: /DEngine/desdk/cpp/build/CMakeFiles/CMakeScratch/TryCompile-rnvoub]
  ignore line: []
  ignore line: [Run Build Command(s):/usr/bin/make -f Makefile cmTC_444c6/fast && /usr/bin/make  -f CMakeFiles/cmTC_444c6.dir/build.make CMakeFiles/cmTC_444c6.dir/build]
  ignore line: [make[1]: Entering directory '/home/root/DEngine/desdk/cpp/build/CMakeFiles/CMakeScratch/TryCompile-rnvoub']
  ignore line: [Building CXX object CMakeFiles/cmTC_444c6.dir/CMakeCXXCompilerABI.cpp.o]
  ignore line: [/usr/bin/c++   -v -o CMakeFiles/cmTC_444c6.dir/CMakeCXXCompilerABI.cpp.o -c /usr/share/cmake-3.25/Modules/CMakeCXXCompilerABI.cpp]
  ignore line: [Using built-in specs.]
  ignore line: [COLLECT_GCC=/usr/bin/c++]
  ignore line: [Target: loongarch64-Loongson-linux]
  ignore line: [Configured with: ../../../../../../work-shared/gcc-8.3.0-r0/gcc-8.3.0/configure --build=x86_64-linux --host=loongarch64-Loongson-linux --target=loongarch64-Loongson-linux --prefix=/usr --exec_prefix=/usr --bindir=/usr/bin --sbindir=/usr/sbin --libexecdir=/usr/libexec --datadir=/usr/share --sysconfdir=/etc --sharedstatedir=/com --localstatedir=/var --libdir=/usr/lib64 --includedir=/usr/include --oldincludedir=/usr/include --infodir=/usr/share/info --mandir=/usr/share/man --disable-silent-rules --disable-dependency-tracking --with-libtool-sysroot=/home/fjyx/nfs/yocto/build/tmp/work/loongarch64-Loongson-linux/gcc/8.3.0-r0/recipe-sysroot --with-gnu-ld --enable-shared --enable-languages=c,c++,fortran --enable-threads=posix --enable-multilib --enable-default-pie --enable-c99 --enable-long-long --enable-symvers=gnu --enable-libstdcxx-pch --program-prefix=loongarch64-Loongson-linux- --without-local-prefix --enable-lto --disable-libssp --enable-libitm --disable-bootstrap --disable-libmudflap --with-system-zlib --with-linker-hash-style=gnu --disable-linker-build-id --with-ppl=no --with-cloog=no --enable-checking=release --enable-cheaders=c_global --without-isl --with-sysroot=/ --with-build-sysroot=/home/fjyx/nfs/yocto/build/tmp/work/loongarch64-Loongson-linux/gcc/8.3.0-r0/recipe-sysroot --with-gxx-include-dir=/usr/include/c++ --enable-libcc1 --enable-libgomp --enable-nls --with-glibc-version=2.28 --enable-initfini-array --enable-__cxa_atexit]
  ignore line: [Thread model: posix]
  ignore line: [gcc version 8.3.0 (GCC) ]
  ignore line: [COLLECT_GCC_OPTIONS='-v' '-o' 'CMakeFiles/cmTC_444c6.dir/CMakeCXXCompilerABI.cpp.o' '-c' '-shared-libgcc' '-mabi=lp64d' '-march=loongarch64' '-mfpu=64' '-msimd=none' '-mcmodel=normal' '-mtune=loongarch64']
  ignore line: [ /usr/libexec/gcc/loongarch64-Loongson-linux/8.3.0/cc1plus -quiet -v -imultilib . -D_GNU_SOURCE /usr/share/cmake-3.25/Modules/CMakeCXXCompilerABI.cpp -quiet -dumpbase CMakeCXXCompilerABI.cpp -mabi=lp64d -march=loongarch64 -mfpu=64 -msimd=none -mcmodel=normal -mtune=loongarch64 -auxbase-strip CMakeFiles/cmTC_444c6.dir/CMakeCXXCompilerABI.cpp.o -version -o /tmp/cc1uUFPw.s]
  ignore line: [GNU C++14 (GCC) version 8.3.0 (loongarch64-Loongson-linux)]
  ignore line: [	compiled by GNU C version 8.3.0  GMP version 6.2.1  MPFR version 4.1.0  MPC version 1.2.1  isl version none]
  ignore line: [GGC heuristics: --param ggc-min-expand=100 --param ggc-min-heapsize=131072]
  ignore line: [ignoring nonexistent directory "/usr/include/c++/loongarch64-Loongson-linux/."]
  ignore line: [ignoring duplicate directory "/usr/lib64/gcc/loongarch64-Loongson-linux/8.3.0/include"]
  ignore line: [ignoring nonexistent directory "/usr/local/include"]
  ignore line: [ignoring nonexistent directory "/usr/lib64/gcc/loongarch64-Loongson-linux/8.3.0/../../../../loongarch64-Loongson-linux/include"]
  ignore line: [#include "..." search starts here:]
  ignore line: [#include <...> search starts here:]
  ignore line: [ /usr/include/c++]
  ignore line: [ /usr/include/c++/backward]
  ignore line: [ /usr/lib64/gcc/loongarch64-Loongson-linux/8.3.0/include]
  ignore line: [ /usr/lib64/gcc/loongarch64-Loongson-linux/8.3.0/include-fixed]
  ignore line: [ /usr/include]
  ignore line: [End of search list.]
  ignore line: [GNU C++14 (GCC) version 8.3.0 (loongarch64-Loongson-linux)]
  ignore line: [	compiled by GNU C version 8.3.0  GMP version 6.2.1  MPFR version 4.1.0  MPC version 1.2.1  isl version none]
  ignore line: [GGC heuristics: --param ggc-min-expand=100 --param ggc-min-heapsize=131072]
  ignore line: [Compiler executable checksum: cd2bdc1462b3ad2655fb7a61b4592a5d]
  ignore line: [COLLECT_GCC_OPTIONS='-v' '-o' 'CMakeFiles/cmTC_444c6.dir/CMakeCXXCompilerABI.cpp.o' '-c' '-shared-libgcc' '-mabi=lp64d' '-march=loongarch64' '-mfpu=64' '-msimd=none' '-mcmodel=normal' '-mtune=loongarch64']
  ignore line: [ /usr/lib64/gcc/loongarch64-Loongson-linux/8.3.0/../../../../loongarch64-Loongson-linux/bin/as -v -mabi=lp64 -o CMakeFiles/cmTC_444c6.dir/CMakeCXXCompilerABI.cpp.o /tmp/cc1uUFPw.s]
  ignore line: [GNU assembler version 2.31.1 (loongarch64-Loongson-linux) using BFD version (GNU Binutils) 2.31.1.20190122]
  ignore line: [COMPILER_PATH=/usr/libexec/gcc/loongarch64-Loongson-linux/8.3.0/:/usr/libexec/gcc/loongarch64-Loongson-linux/8.3.0/:/usr/libexec/gcc/loongarch64-Loongson-linux/:/usr/lib64/gcc/loongarch64-Loongson-linux/8.3.0/:/usr/lib64/gcc/loongarch64-Loongson-linux/:/usr/lib64/gcc/loongarch64-Loongson-linux/8.3.0/../../../../loongarch64-Loongson-linux/bin/]
  ignore line: [LIBRARY_PATH=/usr/lib64/gcc/loongarch64-Loongson-linux/8.3.0/:/usr/lib64/gcc/loongarch64-Loongson-linux/8.3.0/../../../../lib64/:/usr/lib64/../lib64/:/usr/lib64/../lib64/:/usr/lib64/gcc/loongarch64-Loongson-linux/8.3.0/../../../:/usr/lib64/:/usr/lib64/]
  ignore line: [COLLECT_GCC_OPTIONS='-v' '-o' 'CMakeFiles/cmTC_444c6.dir/CMakeCXXCompilerABI.cpp.o' '-c' '-shared-libgcc' '-mabi=lp64d' '-march=loongarch64' '-mfpu=64' '-msimd=none' '-mcmodel=normal' '-mtune=loongarch64']
  ignore line: [Linking CXX executable cmTC_444c6]
  ignore line: [/usr/bin/cmake -E cmake_link_script CMakeFiles/cmTC_444c6.dir/link.txt --verbose=1]
  ignore line: [/usr/bin/c++  -v -rdynamic CMakeFiles/cmTC_444c6.dir/CMakeCXXCompilerABI.cpp.o -o cmTC_444c6 ]
  ignore line: [Using built-in specs.]
  ignore line: [COLLECT_GCC=/usr/bin/c++]
  ignore line: [COLLECT_LTO_WRAPPER=/usr/libexec/gcc/loongarch64-Loongson-linux/8.3.0/lto-wrapper]
  ignore line: [Target: loongarch64-Loongson-linux]
  ignore line: [Configured with: ../../../../../../work-shared/gcc-8.3.0-r0/gcc-8.3.0/configure --build=x86_64-linux --host=loongarch64-Loongson-linux --target=loongarch64-Loongson-linux --prefix=/usr --exec_prefix=/usr --bindir=/usr/bin --sbindir=/usr/sbin --libexecdir=/usr/libexec --datadir=/usr/share --sysconfdir=/etc --sharedstatedir=/com --localstatedir=/var --libdir=/usr/lib64 --includedir=/usr/include --oldincludedir=/usr/include --infodir=/usr/share/info --mandir=/usr/share/man --disable-silent-rules --disable-dependency-tracking --with-libtool-sysroot=/home/fjyx/nfs/yocto/build/tmp/work/loongarch64-Loongson-linux/gcc/8.3.0-r0/recipe-sysroot --with-gnu-ld --enable-shared --enable-languages=c,c++,fortran --enable-threads=posix --enable-multilib --enable-default-pie --enable-c99 --enable-long-long --enable-symvers=gnu --enable-libstdcxx-pch --program-prefix=loongarch64-Loongson-linux- --without-local-prefix --enable-lto --disable-libssp --enable-libitm --disable-bootstrap --disable-libmudflap --with-system-zlib --with-linker-hash-style=gnu --disable-linker-build-id --with-ppl=no --with-cloog=no --enable-checking=release --enable-cheaders=c_global --without-isl --with-sysroot=/ --with-build-sysroot=/home/fjyx/nfs/yocto/build/tmp/work/loongarch64-Loongson-linux/gcc/8.3.0-r0/recipe-sysroot --with-gxx-include-dir=/usr/include/c++ --enable-libcc1 --enable-libgomp --enable-nls --with-glibc-version=2.28 --enable-initfini-array --enable-__cxa_atexit]
  ignore line: [Thread model: posix]
  ignore line: [gcc version 8.3.0 (GCC) ]
  ignore line: [COMPILER_PATH=/usr/libexec/gcc/loongarch64-Loongson-linux/8.3.0/:/usr/libexec/gcc/loongarch64-Loongson-linux/8.3.0/:/usr/libexec/gcc/loongarch64-Loongson-linux/:/usr/lib64/gcc/loongarch64-Loongson-linux/8.3.0/:/usr/lib64/gcc/loongarch64-Loongson-linux/:/usr/lib64/gcc/loongarch64-Loongson-linux/8.3.0/../../../../loongarch64-Loongson-linux/bin/]
  ignore line: [LIBRARY_PATH=/usr/lib64/gcc/loongarch64-Loongson-linux/8.3.0/:/usr/lib64/gcc/loongarch64-Loongson-linux/8.3.0/../../../../lib64/:/usr/lib64/../lib64/:/usr/lib64/../lib64/:/usr/lib64/gcc/loongarch64-Loongson-linux/8.3.0/../../../:/usr/lib64/:/usr/lib64/]
  ignore line: [COLLECT_GCC_OPTIONS='-v' '-rdynamic' '-o' 'cmTC_444c6' '-shared-libgcc' '-mabi=lp64d' '-march=loongarch64' '-mfpu=64' '-msimd=none' '-mcmodel=normal' '-mtune=loongarch64']
  link line: [ /usr/libexec/gcc/loongarch64-Loongson-linux/8.3.0/collect2 -plugin /usr/libexec/gcc/loongarch64-Loongson-linux/8.3.0/liblto_plugin.so -plugin-opt=/usr/libexec/gcc/loongarch64-Loongson-linux/8.3.0/lto-wrapper -plugin-opt=-fresolution=/tmp/ccXkIrxF.res -plugin-opt=-pass-through=-lgcc_s -plugin-opt=-pass-through=-lgcc -plugin-opt=-pass-through=-lc -plugin-opt=-pass-through=-lgcc_s -plugin-opt=-pass-through=-lgcc --sysroot=/ --eh-frame-hdr --hash-style=gnu -m elf64loongarch -export-dynamic -dynamic-linker /lib64/ld.so.1 -pie -o cmTC_444c6 /usr/lib64/gcc/loongarch64-Loongson-linux/8.3.0/../../../../lib64/Scrt1.o /usr/lib64/gcc/loongarch64-Loongson-linux/8.3.0/../../../../lib64/crti.o /usr/lib64/gcc/loongarch64-Loongson-linux/8.3.0/crtbeginS.o -L/usr/lib64/gcc/loongarch64-Loongson-linux/8.3.0 -L/usr/lib64/gcc/loongarch64-Loongson-linux/8.3.0/../../../../lib64 -L/usr/lib64/../lib64 -L/usr/lib64/../lib64 -L/usr/lib64/gcc/loongarch64-Loongson-linux/8.3.0/../../.. -L/usr/lib64 -L/usr/lib64 CMakeFiles/cmTC_444c6.dir/CMakeCXXCompilerABI.cpp.o -lstdc++ -lm -lgcc_s -lgcc -lc -lgcc_s -lgcc /usr/lib64/gcc/loongarch64-Loongson-linux/8.3.0/crtendS.o /usr/lib64/gcc/loongarch64-Loongson-linux/8.3.0/../../../../lib64/crtn.o]
    arg [/usr/libexec/gcc/loongarch64-Loongson-linux/8.3.0/collect2] ==> ignore
    arg [-plugin] ==> ignore
    arg [/usr/libexec/gcc/loongarch64-Loongson-linux/8.3.0/liblto_plugin.so] ==> ignore
    arg [-plugin-opt=/usr/libexec/gcc/loongarch64-Loongson-linux/8.3.0/lto-wrapper] ==> ignore
    arg [-plugin-opt=-fresolution=/tmp/ccXkIrxF.res] ==> ignore
    arg [-plugin-opt=-pass-through=-lgcc_s] ==> ignore
    arg [-plugin-opt=-pass-through=-lgcc] ==> ignore
    arg [-plugin-opt=-pass-through=-lc] ==> ignore
    arg [-plugin-opt=-pass-through=-lgcc_s] ==> ignore
    arg [-plugin-opt=-pass-through=-lgcc] ==> ignore
    arg [--sysroot=/] ==> ignore
    arg [--eh-frame-hdr] ==> ignore
    arg [--hash-style=gnu] ==> ignore
    arg [-m] ==> ignore
    arg [elf64loongarch] ==> ignore
    arg [-export-dynamic] ==> ignore
    arg [-dynamic-linker] ==> ignore
    arg [/lib64/ld.so.1] ==> ignore
    arg [-pie] ==> ignore
    arg [-o] ==> ignore
    arg [cmTC_444c6] ==> ignore
    arg [/usr/lib64/gcc/loongarch64-Loongson-linux/8.3.0/../../../../lib64/Scrt1.o] ==> obj [/usr/lib64/gcc/loongarch64-Loongson-linux/8.3.0/../../../../lib64/Scrt1.o]
    arg [/usr/lib64/gcc/loongarch64-Loongson-linux/8.3.0/../../../../lib64/crti.o] ==> obj [/usr/lib64/gcc/loongarch64-Loongson-linux/8.3.0/../../../../lib64/crti.o]
    arg [/usr/lib64/gcc/loongarch64-Loongson-linux/8.3.0/crtbeginS.o] ==> obj [/usr/lib64/gcc/loongarch64-Loongson-linux/8.3.0/crtbeginS.o]
    arg [-L/usr/lib64/gcc/loongarch64-Loongson-linux/8.3.0] ==> dir [/usr/lib64/gcc/loongarch64-Loongson-linux/8.3.0]
    arg [-L/usr/lib64/gcc/loongarch64-Loongson-linux/8.3.0/../../../../lib64] ==> dir [/usr/lib64/gcc/loongarch64-Loongson-linux/8.3.0/../../../../lib64]
    arg [-L/usr/lib64/../lib64] ==> dir [/usr/lib64/../lib64]
    arg [-L/usr/lib64/../lib64] ==> dir [/usr/lib64/../lib64]
    arg [-L/usr/lib64/gcc/loongarch64-Loongson-linux/8.3.0/../../..] ==> dir [/usr/lib64/gcc/loongarch64-Loongson-linux/8.3.0/../../..]
    arg [-L/usr/lib64] ==> dir [/usr/lib64]
    arg [-L/usr/lib64] ==> dir [/usr/lib64]
    arg [CMakeFiles/cmTC_444c6.dir/CMakeCXXCompilerABI.cpp.o] ==> ignore
    arg [-lstdc++] ==> lib [stdc++]
    arg [-lm] ==> lib [m]
    arg [-lgcc_s] ==> lib [gcc_s]
    arg [-lgcc] ==> lib [gcc]
    arg [-lc] ==> lib [c]
    arg [-lgcc_s] ==> lib [gcc_s]
    arg [-lgcc] ==> lib [gcc]
    arg [/usr/lib64/gcc/loongarch64-Loongson-linux/8.3.0/crtendS.o] ==> obj [/usr/lib64/gcc/loongarch64-Loongson-linux/8.3.0/crtendS.o]
    arg [/usr/lib64/gcc/loongarch64-Loongson-linux/8.3.0/../../../../lib64/crtn.o] ==> obj [/usr/lib64/gcc/loongarch64-Loongson-linux/8.3.0/../../../../lib64/crtn.o]
  collapse obj [/usr/lib64/gcc/loongarch64-Loongson-linux/8.3.0/../../../../lib64/Scrt1.o] ==> [/usr/lib64/Scrt1.o]
  collapse obj [/usr/lib64/gcc/loongarch64-Loongson-linux/8.3.0/../../../../lib64/crti.o] ==> [/usr/lib64/crti.o]
  collapse obj [/usr/lib64/gcc/loongarch64-Loongson-linux/8.3.0/../../../../lib64/crtn.o] ==> [/usr/lib64/crtn.o]
  collapse library dir [/usr/lib64/gcc/loongarch64-Loongson-linux/8.3.0] ==> [/usr/lib64/gcc/loongarch64-Loongson-linux/8.3.0]
  collapse library dir [/usr/lib64/gcc/loongarch64-Loongson-linux/8.3.0/../../../../lib64] ==> [/usr/lib64]
  collapse library dir [/usr/lib64/../lib64] ==> [/usr/lib64]
  collapse library dir [/usr/lib64/../lib64] ==> [/usr/lib64]
  collapse library dir [/usr/lib64/gcc/loongarch64-Loongson-linux/8.3.0/../../..] ==> [/usr/lib64]
  collapse library dir [/usr/lib64] ==> [/usr/lib64]
  collapse library dir [/usr/lib64] ==> [/usr/lib64]
  implicit libs: [stdc++;m;gcc_s;gcc;c;gcc_s;gcc]
  implicit objs: [/usr/lib64/Scrt1.o;/usr/lib64/crti.o;/usr/lib64/gcc/loongarch64-Loongson-linux/8.3.0/crtbeginS.o;/usr/lib64/gcc/loongarch64-Loongson-linux/8.3.0/crtendS.o;/usr/lib64/crtn.o]
  implicit dirs: [/usr/lib64/gcc/loongarch64-Loongson-linux/8.3.0;/usr/lib64]
  implicit fwks: []


Performing C++ SOURCE FILE Test SUPPORT_CXX11 succeeded with the following output:
Change Dir: /DEngine/desdk/cpp/build/CMakeFiles/CMakeScratch/TryCompile-7iacGA

Run Build Command(s):/usr/bin/make -f Makefile cmTC_50d8a/fast && /usr/bin/make  -f CMakeFiles/cmTC_50d8a.dir/build.make CMakeFiles/cmTC_50d8a.dir/build
make[1]: Entering directory '/home/root/DEngine/desdk/cpp/build/CMakeFiles/CMakeScratch/TryCompile-7iacGA'
Building CXX object CMakeFiles/cmTC_50d8a.dir/src.cxx.o
/usr/bin/c++ -DSUPPORT_CXX11  -std=c++11 -o CMakeFiles/cmTC_50d8a.dir/src.cxx.o -c /DEngine/desdk/cpp/build/CMakeFiles/CMakeScratch/TryCompile-7iacGA/src.cxx
Linking CXX executable cmTC_50d8a
/usr/bin/cmake -E cmake_link_script CMakeFiles/cmTC_50d8a.dir/link.txt --verbose=1
/usr/bin/c++ -rdynamic CMakeFiles/cmTC_50d8a.dir/src.cxx.o -o cmTC_50d8a 
make[1]: Leaving directory '/home/root/DEngine/desdk/cpp/build/CMakeFiles/CMakeScratch/TryCompile-7iacGA'


Source file was:
int main() { return 0; }

