load /home/root/DEngine/desdk/platform/host_linux-loongson/lib/libDB.so success
load /home/root/DEngine/desdk/platform/host_linux-loongson/lib/libctrl.so success
load /home/root/DEngine/desdk/platform/host_linux-loongson/lib/libusb_ali.so success
load /home/root/DEngine/desdk/platform/host_linux-loongson/lib/libusbraw_transfer.so success
load /home/root/DEngine/desdk/platform/host_linux-loongson/lib/libdesdk.so success
load /home/root/DEngine/desdk/platform/host_linux-loongson/lib/libusbdev.so success
load /home/root/DEngine/desdk/platform/host_linux-loongson/lib/libinfer_engine.so success
load /home/root/DEngine/desdk/platform/host_linux-loongson/lib/libusb.so success
load /home/root/DEngine/desdk/platform/host_linux-loongson/lib/libutils.so success
load /home/root/DEngine/desdk/platform/host_linux-loongson/lib/libusbdev_info.so success
load /home/root/DEngine/desdk/platform/host_linux-loongson/lib/libdcmi.so success
InferEngine example start...
[;32musbprop.ini path=/DEngine/usbprop.ini dev_nums=1 ini_nums=1[0m
[;32m[5,5]: in __usb_hotplug_attach_cb[0m
Host-2[02:02:36:913] /workspace/fml/rpc/usb/rpc_usb_impl.cc:25: Try to connect server...

Host-25496[02:02:36:938] /workspace/core/src/de_thread.cc:875: Queue Create 0x127272ef0
Host-4[02:02:37:205] /workspace/fml/infer_engine/infer_engine_host.cc:32: model load complete: host:/DEngine/model/shape/net.bin
Dev0-163751310: [ AIE ]: pre_func be set multi-times!!
Host-355752[02:02:37:561] /workspace/fml/infer_engine/infer_engine_host.cc:79: Graph start...
predict result: output len=1
output[0], shape=(1, 25200, 11), dtype=float32
predict result: output len=1
output[0], shape=(1, 25200, 11), dtype=float32
predict result: output len=1
output[0], shape=(1, 25200, 11), dtype=float32
predict result: output len=1
output[0], shape=(1, 25200, 11), dtype=float32
predict result: output len=1
output[0], shape=(1, 25200, 11), dtype=float32
predict result: output len=1
output[0], shape=(1, 25200, 11), dtype=float32
predict result: output len=1
output[0], shape=(1, 25200, 11), dtype=float32
predict result: output len=1
output[0], shape=(1, 25200, 11), dtype=float32
predict result: output len=1
output[0], shape=(1, 25200, 11), dtype=float32
predict result: output len=1
output[0], shape=(1, 25200, 11), dtype=float32
Host-11443641[02:02:48:648] /workspace/fml/infer_engine/infer_engine_host.cc:84: Graph destruct...
Host-11786659[02:02:48:699] /workspace/core/src/de_graph.cc:597: HostReceiver is still active.
Host-11886986[02:02:48:800] /workspace/core/src/de_graph.cc:597: HostSender is still active.
dev_id=0 ep=0x83 be cancelled in de_usb_recv
Host-12643284[02:02:49:848] /workspace/fml/infer_engine/infer_engine_host.cc:95: model unload complete: host:/DEngine/model/shape/net.bin
dev_id=0 ep=0x82 be cancelled in de_usb_recv
